Started generating ADB for  on Wed 05/29/2019_13:56:52.75 
2in1Logger*[INFO] BOILERPremiumCalculation: agent added
2in1Logger*[INFO] BOILERPremiumCalculation: agent ready
2in1Logger*[INFO] BOILERPremiumCalculation: agent added
2in1Logger*[INFO] BOILERPremiumCalculation: agent ready
2in1Logger*[INFO] BOILERPremiumCalculation: agent added
2in1Logger*[INFO] BOILERPremiumCalculation: agent ready
2in1Logger*[INFO] BOILERPremiumCalculation: agent added
2in1Logger*[INFO] BOILERPremiumCalculation: agent ready
2in1Logger*[INFO] BOILERPremiumCalculation: agent added
2in1Logger*[INFO] BOILERPremiumCalculation: agent ready
time : 720
May 29, 2019 1:57:00 PM net.sf.ehcache.config.ConfigurationFactory parseConfiguration
WARNING: No configuration found. Configuring ehcache from ehcache-failsafe.xml  found in the classpath: jar:file:/C:/Blaze/Workspaces/Jars/ehcache-1.6.2.jar!/ehcache-failsafe.xml
Calling database>>>BOILER|OccupancyName.OccupancyCode
2in1Logger*[INFO] MBDPremiumCalculation: agent added
2in1Logger*[INFO] MBDPremiumCalculation: agent ready
2in1Logger*[INFO] MBDPremiumCalculation: agent added
2in1Logger*[INFO] MBDPremiumCalculation: agent ready
2in1Logger*[INFO] MBDPremiumCalculation: agent added
2in1Logger*[INFO] MBDPremiumCalculation: agent ready
2in1Logger*[INFO] MBDPremiumCalculation: agent added
2in1Logger*[INFO] MBDPremiumCalculation: agent ready
2in1Logger*[INFO] MBDPremiumCalculation: agent added
2in1Logger*[INFO] MBDPremiumCalculation: agent ready
2in1Logger*[INFO] EEIPremiumCalculation: agent added
2in1Logger*[INFO] EEIPremiumCalculation: agent ready
2in1Logger*[INFO] EEIPremiumCalculation: agent added
2in1Logger*[INFO] EEIPremiumCalculation: agent ready
2in1Logger*[INFO] EEIPremiumCalculation: agent added
2in1Logger*[INFO] EEIPremiumCalculation: agent ready
2in1Logger*[INFO] EEIPremiumCalculation: agent added
2in1Logger*[INFO] EEIPremiumCalculation: agent ready
2in1Logger*[INFO] EEIPremiumCalculation: agent added
2in1Logger*[INFO] EEIPremiumCalculation: agent ready
2in1Logger*[INFO] EARPremiumCalculation: agent added
2in1Logger*[INFO] EARPremiumCalculation: agent ready
2in1Logger*[INFO] EARPremiumCalculation: agent added
2in1Logger*[INFO] EARPremiumCalculation: agent ready
2in1Logger*[INFO] EARPremiumCalculation: agent added
2in1Logger*[INFO] EARPremiumCalculation: agent ready
2in1Logger*[INFO] EARPremiumCalculation: agent added
2in1Logger*[INFO] EARPremiumCalculation: agent ready
2in1Logger*[INFO] EARPremiumCalculation: agent added
2in1Logger*[INFO] EARPremiumCalculation: agent ready
2in1Logger*[INFO] CPMPremiumCalculation: agent added
2in1Logger*[INFO] CPMPremiumCalculation: agent ready
2in1Logger*[INFO] CPMPremiumCalculation: agent added
2in1Logger*[INFO] CPMPremiumCalculation: agent ready
2in1Logger*[INFO] CPMPremiumCalculation: agent added
2in1Logger*[INFO] CPMPremiumCalculation: agent ready
2in1Logger*[INFO] CPMPremiumCalculation: agent added
2in1Logger*[INFO] CPMPremiumCalculation: agent ready
2in1Logger*[INFO] CPMPremiumCalculation: agent added
2in1Logger*[INFO] CPMPremiumCalculation: agent ready
2in1Logger*[INFO] CARPremiumCalculation: agent added
2in1Logger*[INFO] CARPremiumCalculation: agent ready
2in1Logger*[INFO] CARPremiumCalculation: agent added
2in1Logger*[INFO] CARPremiumCalculation: agent ready
2in1Logger*[INFO] CARPremiumCalculation: agent added
2in1Logger*[INFO] CARPremiumCalculation: agent ready
2in1Logger*[INFO] CARPremiumCalculation: agent added
2in1Logger*[INFO] CARPremiumCalculation: agent ready
2in1Logger*[INFO] CARPremiumCalculation: agent added
2in1Logger*[INFO] CARPremiumCalculation: agent ready
^C