Started generating ADB for  on Wed 09/20/2017_16:46:09.33 
time : 720
Sep 20, 2017 4:47:16 PM net.sf.ehcache.config.ConfigurationFactory parseConfiguration
WARNING: No configuration found. Configuring ehcache from ehcache-failsafe.xml  found in the classpath: jar:file:/C:/deployments72/dependencies/ehcache-2.3.3/ehcache-1.6.2.jar!/ehcache-failsafe.xml
Calling database>>>CAR|carCoverGreaterDescription.carCoverGreaterID
Calling database>>>CAR|carCoverLesserDescription.carCoverLesserID
Calling database>>>CAR|carOccupancyDescription.carOccupancyID
Calling database>>>CAR|carCoverGreaterDescription.carCoverGreaterName
Calling database>>>CAR|carPlanDescription.carPlanCode
Calling database>>>CAR|carPlanDescription.carPlanName
Calling database>>>CAR|carOccupancyDescription.carOccupancyName
Calling database>>>CAR|carCoverLesserDescription.carCoverLesserName
Calling database>>>CAR|carOccupancyDescription.carRiskCode
CARPremiumCalculation.rb(12393) Warning: Rule has been renamed 'Offsite_Storage_Fabrication' because of a name conflict with other auto-generated rule names.
CARPremiumCalculation.rb(12479) Warning: Rule has been renamed 'TPL_Cover_With_Cross_Liability_Extension_within_Geographical_Limit_Of_India_During_Maintenance_AOA_Limits_upto_Rs_10_Crores' because of a name conflict with other auto-generated rule names.
CARPremiumCalculation.rb(12508) Warning: Rule has been renamed 'TPL_Cover_With_Cross_Liability_Extension_within_Geographical_Limit_Of_India_AOA_Limits_Above_Rs_10_Crores_and_upto_Rs_25_Crores' because of a name conflict with other auto-generated rule names.
CARPremiumCalculation.rb(12537) Warning: Rule has been renamed 'TPL_Cover_With_Cross_Liability_Extension_within_Geographical_Limit_Of_India_AOA_Limits_upto_Rs_10_Crores' because of a name conflict with other auto-generated rule names.
CARPremiumCalculation.rb(12566) Warning: Rule has been renamed 'Removal_Of_Debris_above_Rs_25_Crores' because of a name conflict with other auto-generated rule names.
CARPremiumCalculation.rb(12595) Warning: Rule has been renamed 'Removal_Of_Debris_Above_Rs_10_Crores_and_upto_Rs_25_Crores' because of a name conflict with other auto-generated rule names.
CARPremiumCalculation.rb(12624) Warning: Rule has been renamed 'Removal_Of_Debris_Above_Rs_50_lacs_and_upto_Rs_10_Crores' because of a name conflict with other auto-generated rule names.
CARPremiumCalculation.rb(12653) Warning: Rule has been renamed 'Removal_Of_Debris_Upto_Rs_50_Lacs' because of a name conflict with other auto-generated rule names.
CARPremiumCalculation.rb(12682) Warning: Rule has been renamed '_0_50_Clause' because of a name conflict with other auto-generated rule names.
CARPremiumCalculation.rb(12711) Warning: Rule has been renamed 'OSP_With_FLEXA_During_Maintenance_Period_Above_10__of_Policy_SI' because of a name conflict with other auto-generated rule names.
CARPremiumCalculation.rb(12740) Warning: Rule has been renamed 'OSP_With_FLEXA_During_Maintenance_Period_Upto_10__of_Policy_SI' because of a name conflict with other auto-generated rule names.
CARPremiumCalculation.rb(12769) Warning: Rule has been renamed 'OSP_With_FLEXA_Above_10__of_Policy_SI' because of a name conflict with other auto-generated rule names.
CARPremiumCalculation.rb(12798) Warning: Rule has been renamed 'OSP_With_FLEXA_Upto_10__of_Policy_SI' because of a name conflict with other auto-generated rule names.
CARPremiumCalculation.rb(12827) Warning: Rule has been renamed 'OSP_Without_FLEXA_Risks_During_Maintenance_Period_Above_10__of_Policy_SI' because of a name conflict with other auto-generated rule names.
CARPremiumCalculation.rb(12856) Warning: Rule has been renamed 'OSP_Without_FLEXA_Risks_During_Maintenance_Period_Upto_10__of_Policy_SI' because of a name conflict with other auto-generated rule names.
CARPremiumCalculation.rb(12885) Warning: Rule has been renamed 'OSP_Without_FLEXA_Risks_Above_10__of_Policy_SI' because of a name conflict with other auto-generated rule names.
CARPremiumCalculation.rb(12914) Warning: Rule has been renamed 'OSP_Without_FLEXA_Risks_Upto_10__of_Policy_SI' because of a name conflict with other auto-generated rule names.
CARPremiumCalculation.rb(12943) Warning: Rule has been renamed 'Expediting_Cost_Above_30__of_Net_Claim_Amount' because of a name conflict with other auto-generated rule names.
CARPremiumCalculation.rb(12972) Warning: Rule has been renamed 'Expediting_Cost_Upto_30__of_Net_Claim_Amount' because of a name conflict with other auto-generated rule names.
CARPremiumCalculation.rb(13001) Warning: Rule has been renamed 'TPL_Cover_Without_Cross_Liability_Extension_within_Geographical_Limit_Of_India_During_Maintenance_AOA_Limits_Above_Rs_10_Crores_and_upto_Rs_25_Crores' because of a name conflict with other auto-generated rule names.
CARPremiumCalculation.rb(13030) Warning: Rule has been renamed 'TPL_Cover_Without_Cross_Liability_Extension_within_Geographical_Limit_Of_India_During_Maintenance_AOA_Limits_upto_Rs_10_Crores' because of a name conflict with other auto-generated rule names.
CARPremiumCalculation.rb(13059) Warning: Rule has been renamed 'TPL_Cover_Without_Cross_Liability_Extension_within_Geographical_Limit_Of_India_AOA_Limits_Above_Rs_10_Crores_and_upto_Rs_25_Crores' because of a name conflict with other auto-generated rule names.
CARPremiumCalculation.rb(13087) Warning: Rule has been renamed 'TPL_Cover_With_Cross_Liability_Extension_within_Geographical_Limit_Of_India_During_Maintenance_AOA_Limits_Above_Rs_10_Crores_and_upto_Rs_25_Crores' because of a name conflict with other auto-generated rule names.
CARPremiumCalculation.rb(13116) Warning: Rule has been renamed 'TPL_Cover_Without_Cross_Liability_Extension_within_Geographical_Limit_Of_India_AOA_Limits_upto_Rs_10_Crores' because of a name conflict with other auto-generated rule names.
CARPremiumCalculation.rb(13155) Warning: Rule has been renamed 'Owner_Surrounding_Property' because of a name conflict with other auto-generated rule names.
CARPremiumCalculation.rb(13184) Warning: Rule has been renamed 'Third_Party_Liability_Cover_Without_Cross_Liability' because of a name conflict with other auto-generated rule names.
CARPremiumCalculation.rb(13198) Warning: Rule has been renamed 'Third_Party_Liability_Cover_Without_Cross_Liability' because of a name conflict with other auto-generated rule names.
CARPremiumCalculation.rb(13213) Warning: Rule has been renamed 'Third_Party_Liability_Cover_Without_Cross_Liability' because of a name conflict with other auto-generated rule names.
CARPremiumCalculation.rb(13242) Warning: Rule has been renamed 'Removal_Of_Debris' because of a name conflict with other auto-generated rule names.
CARPremiumCalculation.rb(13271) Warning: Rule has been renamed 'Air_Freight' because of a name conflict with other auto-generated rule names.
CARPremiumCalculation.rb(13300) Warning: Rule has been renamed 'Express_Freight_Excluding_Air_Freight' because of a name conflict with other auto-generated rule names.
CARPremiumCalculation.rb(13329) Warning: Rule has been renamed 'Third_Party_Liability_Cover' because of a name conflict with other auto-generated rule names.
CARPremiumCalculation.rb(13358) Warning: Rule has been renamed 'Surrounding_Property_of_Insured' because of a name conflict with other auto-generated rule names.
CARPremiumCalculation.rb(13386) Warning: Rule has been renamed 'Storage_at_Fabricators_Premises_Workshop' because of a name conflict with other auto-generated rule names.
CARPremiumCalculation.rb(13474) Warning: Rule has been renamed '_0_50_clause' because of a name conflict with other auto-generated rule names.
CARPremiumCalculation.rb(44378) Warning: Rule has been renamed 'rule1' because of a name conflict with other auto-generated rule names.
CARPremiumCalculation.rb(44390) Warning: Rule has been renamed 'rule3' because of a name conflict with other auto-generated rule names.
CARPremiumCalculation.rb(44402) Warning: Rule has been renamed 'rule2' because of a name conflict with other auto-generated rule names.
CARPremiumCalculation.rb(44414) Warning: Rule has been renamed 'rule4' because of a name conflict with other auto-generated rule names.
CARPremiumCalculation.rb(44426) Warning: Rule has been renamed 'rule5' because of a name conflict with other auto-generated rule names.
CARPremiumCalculation.rb(44438) Warning: Rule has been renamed 'rule11' because of a name conflict with other auto-generated rule names.
CARPremiumCalculation.rb(44450) Warning: Rule has been renamed 'rule6' because of a name conflict with other auto-generated rule names.
CARPremiumCalculation.rb(44462) Warning: Rule has been renamed 'rule7' because of a name conflict with other auto-generated rule names.
CARPremiumCalculation.rb(44474) Warning: Rule has been renamed 'rule8' because of a name conflict with other auto-generated rule names.
CARPremiumCalculation.rb(44486) Warning: Rule has been renamed 'rule9' because of a name conflict with other auto-generated rule names.
CARPremiumCalculation.rb(44498) Warning: Rule has been renamed 'rule10' because of a name conflict with other auto-generated rule names.
CARPremiumCalculation.rb(44510) Warning: Rule has been renamed 'rule12' because of a name conflict with other auto-generated rule names.
CARPremiumCalculation.rb(44522) Warning: Rule has been renamed 'rule13' because of a name conflict with other auto-generated rule names.
CARPremiumCalculation.rb(44534) Warning: Rule has been renamed 'rule14' because of a name conflict with other auto-generated rule names.
CARPremiumCalculation.rb(44546) Warning: Rule has been renamed 'rule15' because of a name conflict with other auto-generated rule names.
CARPremiumCalculation.rb(44558) Warning: Rule has been renamed 'rule16' because of a name conflict with other auto-generated rule names.
CARPremiumCalculation.rb(44570) Warning: Rule has been renamed 'rule17' because of a name conflict with other auto-generated rule names.
CARPremiumCalculation.rb(44582) Warning: Rule has been renamed 'rule18' because of a name conflict with other auto-generated rule names.
CARPremiumCalculation.rb(44594) Warning: Rule has been renamed 'rule19' because of a name conflict with other auto-generated rule names.
CARPremiumCalculation.rb(44606) Warning: Rule has been renamed 'rule20' because of a name conflict with other auto-generated rule names.
CARPremiumCalculation.rb(44618) Warning: Rule has been renamed 'rule21' because of a name conflict with other auto-generated rule names.
CARPremiumCalculation.rb(44630) Warning: Rule has been renamed 'rule22' because of a name conflict with other auto-generated rule names.
CARPremiumCalculation.rb(44642) Warning: Rule has been renamed 'rule23' because of a name conflict with other auto-generated rule names.
CARPremiumCalculation.rb(44654) Warning: Rule has been renamed 'rule24' because of a name conflict with other auto-generated rule names.
CARPremiumCalculation.rb(44666) Warning: Rule has been renamed 'rule25' because of a name conflict with other auto-generated rule names.
CARPremiumCalculation.rb(44678) Warning: Rule has been renamed 'rule26' because of a name conflict with other auto-generated rule names.
CARPremiumCalculation.rb(44690) Warning: Rule has been renamed 'rule27' because of a name conflict with other auto-generated rule names.
CARPremiumCalculation.rb(44702) Warning: Rule has been renamed 'rule28' because of a name conflict with other auto-generated rule names.
CARPremiumCalculation.rb(44714) Warning: Rule has been renamed 'rule29' because of a name conflict with other auto-generated rule names.
CARPremiumCalculation.rb(44726) Warning: Rule has been renamed 'rule30' because of a name conflict with other auto-generated rule names.
CARPremiumCalculation.rb(44738) Warning: Rule has been renamed 'rule31' because of a name conflict with other auto-generated rule names.
CARPremiumCalculation.rb(44750) Warning: Rule has been renamed 'rule32' because of a name conflict with other auto-generated rule names.
CARPremiumCalculation.rb(44762) Warning: Rule has been renamed 'rule33' because of a name conflict with other auto-generated rule names.
CARPremiumCalculation.rb(44774) Warning: Rule has been renamed 'rule34' because of a name conflict with other auto-generated rule names.
CARPremiumCalculation.rb(44786) Warning: Rule has been renamed 'rule35' because of a name conflict with other auto-generated rule names.
CARPremiumCalculation.rb(44798) Warning: Rule has been renamed 'rule36' because of a name conflict with other auto-generated rule names.
CARPremiumCalculation.rb(44810) Warning: Rule has been renamed 'rule49' because of a name conflict with other auto-generated rule names.
CARPremiumCalculation.rb(44822) Warning: Rule has been renamed 'rule50' because of a name conflict with other auto-generated rule names.
CARPremiumCalculation.rb(44834) Warning: Rule has been renamed 'rule51' because of a name conflict with other auto-generated rule names.
CARPremiumCalculation.rb(44846) Warning: Rule has been renamed 'rule52' because of a name conflict with other auto-generated rule names.
CARPremiumCalculation.rb(44858) Warning: Rule has been renamed 'rule53' because of a name conflict with other auto-generated rule names.
CARPremiumCalculation.rb(44870) Warning: Rule has been renamed 'rule54' because of a name conflict with other auto-generated rule names.
CARPremiumCalculation.rb(44882) Warning: Rule has been renamed 'rule37' because of a name conflict with other auto-generated rule names.
CARPremiumCalculation.rb(44894) Warning: Rule has been renamed 'rule38' because of a name conflict with other auto-generated rule names.
CARPremiumCalculation.rb(44906) Warning: Rule has been renamed 'rule39' because of a name conflict with other auto-generated rule names.
CARPremiumCalculation.rb(44918) Warning: Rule has been renamed 'rule40' because of a name conflict with other auto-generated rule names.
CARPremiumCalculation.rb(44930) Warning: Rule has been renamed 'rule41' because of a name conflict with other auto-generated rule names.
CARPremiumCalculation.rb(44942) Warning: Rule has been renamed 'rule42' because of a name conflict with other auto-generated rule names.
CARPremiumCalculation.rb(44954) Warning: Rule has been renamed 'rule43' because of a name conflict with other auto-generated rule names.
CARPremiumCalculation.rb(44966) Warning: Rule has been renamed 'rule44' because of a name conflict with other auto-generated rule names.
CARPremiumCalculation.rb(44978) Warning: Rule has been renamed 'rule45' because of a name conflict with other auto-generated rule names.
CARPremiumCalculation.rb(44990) Warning: Rule has been renamed 'rule46' because of a name conflict with other auto-generated rule names.
CARPremiumCalculation.rb(45002) Warning: Rule has been renamed 'rule47' because of a name conflict with other auto-generated rule names.
CARPremiumCalculation.rb(45014) Warning: Rule has been renamed 'rule48' because of a name conflict with other auto-generated rule names.
CARPremiumCalculation.rb(45026) Warning: Rule has been renamed 'rule55' because of a name conflict with other auto-generated rule names.
CARPremiumCalculation.rb(45038) Warning: Rule has been renamed 'rule56' because of a name conflict with other auto-generated rule names.
CARPremiumCalculation.rb(45050) Warning: Rule has been renamed 'rule57' because of a name conflict with other auto-generated rule names.
CARPremiumCalculation.rb(45062) Warning: Rule has been renamed 'rule58' because of a name conflict with other auto-generated rule names.
CARPremiumCalculation.rb(45074) Warning: Rule has been renamed 'rule59' because of a name conflict with other auto-generated rule names.
CARPremiumCalculation.rb(45086) Warning: Rule has been renamed 'rule60' because of a name conflict with other auto-generated rule names.
CARPremiumCalculation.rb(45098) Warning: Rule has been renamed 'rule61' because of a name conflict with other auto-generated rule names.
CARPremiumCalculation.rb(45110) Warning: Rule has been renamed 'rule62' because of a name conflict with other auto-generated rule names.
CARPremiumCalculation.rb(45122) Warning: Rule has been renamed 'rule63' because of a name conflict with other auto-generated rule names.
CARPremiumCalculation.rb(45134) Warning: Rule has been renamed 'rule64' because of a name conflict with other auto-generated rule names.
CARPremiumCalculation.rb(45146) Warning: Rule has been renamed 'rule65' because of a name conflict with other auto-generated rule names.
CARPremiumCalculation.rb(45158) Warning: Rule has been renamed 'rule66' because of a name conflict with other auto-generated rule names.
CARPremiumCalculation.rb(45170) Warning: Rule has been renamed 'rule67' because of a name conflict with other auto-generated rule names.
CARPremiumCalculation.rb(45182) Warning: Rule has been renamed 'rule68' because of a name conflict with other auto-generated rule names.
CARPremiumCalculation.rb(45194) Warning: Rule has been renamed 'rule69' because of a name conflict with other auto-generated rule names.
CARPremiumCalculation.rb(45206) Warning: Rule has been renamed 'rule70' because of a name conflict with other auto-generated rule names.
CARPremiumCalculation.rb(45218) Warning: Rule has been renamed 'rule71' because of a name conflict with other auto-generated rule names.
CARPremiumCalculation.rb(45230) Warning: Rule has been renamed 'rule72' because of a name conflict with other auto-generated rule names.
CARPremiumCalculation.rb(45242) Warning: Rule has been renamed 'rule73' because of a name conflict with other auto-generated rule names.
CARPremiumCalculation.rb(45254) Warning: Rule has been renamed 'rule74' because of a name conflict with other auto-generated rule names.
CARPremiumCalculation.rb(45266) Warning: Rule has been renamed 'rule75' because of a name conflict with other auto-generated rule names.
CARPremiumCalculation.rb(45278) Warning: Rule has been renamed 'rule76' because of a name conflict with other auto-generated rule names.
CARPremiumCalculation.rb(45290) Warning: Rule has been renamed 'rule77' because of a name conflict with other auto-generated rule names.
CARPremiumCalculation.rb(45302) Warning: Rule has been renamed 'rule78' because of a name conflict with other auto-generated rule names.
CARPremiumCalculation.rb(45314) Warning: Rule has been renamed 'rule79' because of a name conflict with other auto-generated rule names.
CARPremiumCalculation.rb(45326) Warning: Rule has been renamed 'rule80' because of a name conflict with other auto-generated rule names.
CARPremiumCalculation.rb(45338) Warning: Rule has been renamed 'rule81' because of a name conflict with other auto-generated rule names.
CARPremiumCalculation.rb(45350) Warning: Rule has been renamed 'rule82' because of a name conflict with other auto-generated rule names.
CARPremiumCalculation.rb(45362) Warning: Rule has been renamed 'rule83' because of a name conflict with other auto-generated rule names.
CARPremiumCalculation.rb(45374) Warning: Rule has been renamed 'rule84' because of a name conflict with other auto-generated rule names.
CARPremiumCalculation.rb(45386) Warning: Rule has been renamed 'rule85' because of a name conflict with other auto-generated rule names.
CARPremiumCalculation.rb(45398) Warning: Rule has been renamed 'rule86' because of a name conflict with other auto-generated rule names.
CARPremiumCalculation.rb(45410) Warning: Rule has been renamed 'rule87' because of a name conflict with other auto-generated rule names.
CARPremiumCalculation.rb(45422) Warning: Rule has been renamed 'rule88' because of a name conflict with other auto-generated rule names.
CARPremiumCalculation.rb(45434) Warning: Rule has been renamed 'rule89' because of a name conflict with other auto-generated rule names.
CARPremiumCalculation.rb(45446) Warning: Rule has been renamed 'rule90' because of a name conflict with other auto-generated rule names.
CARPremiumCalculation.rb(45458) Warning: Rule has been renamed 'rule91' because of a name conflict with other auto-generated rule names.
CARPremiumCalculation.rb(45470) Warning: Rule has been renamed 'rule92' because of a name conflict with other auto-generated rule names.
CARPremiumCalculation.rb(45482) Warning: Rule has been renamed 'rule93' because of a name conflict with other auto-generated rule names.
CARPremiumCalculation.rb(45494) Warning: Rule has been renamed 'rule94' because of a name conflict with other auto-generated rule names.
CARPremiumCalculation.rb(45506) Warning: Rule has been renamed 'rule95' because of a name conflict with other auto-generated rule names.
CARPremiumCalculation.rb(45518) Warning: Rule has been renamed 'rule96' because of a name conflict with other auto-generated rule names.
CARPremiumCalculation.rb(45530) Warning: Rule has been renamed 'rule97' because of a name conflict with other auto-generated rule names.
CARPremiumCalculation.rb(45542) Warning: Rule has been renamed 'rule98' because of a name conflict with other auto-generated rule names.
CARPremiumCalculation.rb(45554) Warning: Rule has been renamed 'rule99' because of a name conflict with other auto-generated rule names.
CARPremiumCalculation.rb(45566) Warning: Rule has been renamed 'rule100' because of a name conflict with other auto-generated rule names.
CARPremiumCalculation.rb(45578) Warning: Rule has been renamed 'rule101' because of a name conflict with other auto-generated rule names.
CARPremiumCalculation.rb(45590) Warning: Rule has been renamed 'rule102' because of a name conflict with other auto-generated rule names.
CARPremiumCalculation.rb(45602) Warning: Rule has been renamed 'rule103' because of a name conflict with other auto-generated rule names.
CARPremiumCalculation.rb(45614) Warning: Rule has been renamed 'rule104' because of a name conflict with other auto-generated rule names.
CARPremiumCalculation.rb(45626) Warning: Rule has been renamed 'rule105' because of a name conflict with other auto-generated rule names.
CARPremiumCalculation.rb(45638) Warning: Rule has been renamed 'rule106' because of a name conflict with other auto-generated rule names.
CARPremiumCalculation.rb(45650) Warning: Rule has been renamed 'rule107' because of a name conflict with other auto-generated rule names.
CARPremiumCalculation.rb(45662) Warning: Rule has been renamed 'rule108' because of a name conflict with other auto-generated rule names.
CARPremiumCalculation.rb(45674) Warning: Rule has been renamed 'rule109' because of a name conflict with other auto-generated rule names.
CARPremiumCalculation.rb(45686) Warning: Rule has been renamed 'rule110' because of a name conflict with other auto-generated rule names.
CARPremiumCalculation.rb(45698) Warning: Rule has been renamed 'rule111' because of a name conflict with other auto-generated rule names.
CARPremiumCalculation.rb(45710) Warning: Rule has been renamed 'rule112' because of a name conflict with other auto-generated rule names.
CARPremiumCalculation.rb(45722) Warning: Rule has been renamed 'rule113' because of a name conflict with other auto-generated rule names.
CARPremiumCalculation.rb(45734) Warning: Rule has been renamed 'rule114' because of a name conflict with other auto-generated rule names.
CARPremiumCalculation.rb(45746) Warning: Rule has been renamed 'rule115' because of a name conflict with other auto-generated rule names.
CARPremiumCalculation.rb(45758) Warning: Rule has been renamed 'rule116' because of a name conflict with other auto-generated rule names.
CARPremiumCalculation.rb(45770) Warning: Rule has been renamed 'rule117' because of a name conflict with other auto-generated rule names.
CARPremiumCalculation.rb(45782) Warning: Rule has been renamed 'rule118' because of a name conflict with other auto-generated rule names.
CARPremiumCalculation.rb(45794) Warning: Rule has been renamed 'rule119' because of a name conflict with other auto-generated rule names.
CARPremiumCalculation.rb(45806) Warning: Rule has been renamed 'rule120' because of a name conflict with other auto-generated rule names.
CARPremiumCalculation.rb(45818) Warning: Rule has been renamed 'rule121' because of a name conflict with other auto-generated rule names.
CARPremiumCalculation.rb(45830) Warning: Rule has been renamed 'rule122' because of a name conflict with other auto-generated rule names.
CARPremiumCalculation.rb(45842) Warning: Rule has been renamed 'rule123' because of a name conflict with other auto-generated rule names.
CARPremiumCalculation.rb(45854) Warning: Rule has been renamed 'rule124' because of a name conflict with other auto-generated rule names.
CARPremiumCalculation.rb(45866) Warning: Rule has been renamed 'rule125' because of a name conflict with other auto-generated rule names.
CARPremiumCalculation.rb(45878) Warning: Rule has been renamed 'rule126' because of a name conflict with other auto-generated rule names.
CARPremiumCalculation.rb(45890) Warning: Rule has been renamed 'rule127' because of a name conflict with other auto-generated rule names.
CARPremiumCalculation.rb(45902) Warning: Rule has been renamed 'rule128' because of a name conflict with other auto-generated rule names.
CARPremiumCalculation.rb(45914) Warning: Rule has been renamed 'rule129' because of a name conflict with other auto-generated rule names.
CARPremiumCalculation.rb(45926) Warning: Rule has been renamed 'rule130' because of a name conflict with other auto-generated rule names.
CARPremiumCalculation.rb(45938) Warning: Rule has been renamed 'rule131' because of a name conflict with other auto-generated rule names.
CARPremiumCalculation.rb(45950) Warning: Rule has been renamed 'rule132' because of a name conflict with other auto-generated rule names.
CARPremiumCalculation.rb(45962) Warning: Rule has been renamed 'rule133' because of a name conflict with other auto-generated rule names.
CARPremiumCalculation.rb(45974) Warning: Rule has been renamed 'rule134' because of a name conflict with other auto-generated rule names.
CARPremiumCalculation.rb(45986) Warning: Rule has been renamed 'rule135' because of a name conflict with other auto-generated rule names.
CARPremiumCalculation.rb(45998) Warning: Rule has been renamed 'rule136' because of a name conflict with other auto-generated rule names.
CARPremiumCalculation.rb(46010) Warning: Rule has been renamed 'rule137' because of a name conflict with other auto-generated rule names.
CARPremiumCalculation.rb(46022) Warning: Rule has been renamed 'rule138' because of a name conflict with other auto-generated rule names.
CARPremiumCalculation.rb(46034) Warning: Rule has been renamed 'rule139' because of a name conflict with other auto-generated rule names.
CARPremiumCalculation.rb(46046) Warning: Rule has been renamed 'rule140' because of a name conflict with other auto-generated rule names.
CARPremiumCalculation.rb(46058) Warning: Rule has been renamed 'rule141' because of a name conflict with other auto-generated rule names.
CARPremiumCalculation.rb(46070) Warning: Rule has been renamed 'rule142' because of a name conflict with other auto-generated rule names.
CARPremiumCalculation.rb(46082) Warning: Rule has been renamed 'rule143' because of a name conflict with other auto-generated rule names.
CARPremiumCalculation.rb(46094) Warning: Rule has been renamed 'rule144' because of a name conflict with other auto-generated rule names.
CARPremiumCalculation.rb(46106) Warning: Rule has been renamed 'rule145' because of a name conflict with other auto-generated rule names.
CARPremiumCalculation.rb(46118) Warning: Rule has been renamed 'rule146' because of a name conflict with other auto-generated rule names.
CARPremiumCalculation.rb(46130) Warning: Rule has been renamed 'rule147' because of a name conflict with other auto-generated rule names.
CARPremiumCalculation.rb(46142) Warning: Rule has been renamed 'rule148' because of a name conflict with other auto-generated rule names.
CARPremiumCalculation.rb(46154) Warning: Rule has been renamed 'rule149' because of a name conflict with other auto-generated rule names.
CARPremiumCalculation.rb(46166) Warning: Rule has been renamed 'rule150' because of a name conflict with other auto-generated rule names.
CARPremiumCalculation.rb(46178) Warning: Rule has been renamed 'rule151' because of a name conflict with other auto-generated rule names.
CARPremiumCalculation.rb(46190) Warning: Rule has been renamed 'rule152' because of a name conflict with other auto-generated rule names.
CARPremiumCalculation.rb(46202) Warning: Rule has been renamed 'rule153' because of a name conflict with other auto-generated rule names.
CARPremiumCalculation.rb(46214) Warning: Rule has been renamed 'rule154' because of a name conflict with other auto-generated rule names.
CARPremiumCalculation.rb(46226) Warning: Rule has been renamed 'rule155' because of a name conflict with other auto-generated rule names.
CARPremiumCalculation.rb(46238) Warning: Rule has been renamed 'rule156' because of a name conflict with other auto-generated rule names.
CARPremiumCalculation.rb(46250) Warning: Rule has been renamed 'rule157' because of a name conflict with other auto-generated rule names.
CARPremiumCalculation.rb(46262) Warning: Rule has been renamed 'rule158' because of a name conflict with other auto-generated rule names.
CARPremiumCalculation.rb(46274) Warning: Rule has been renamed 'rule159' because of a name conflict with other auto-generated rule names.
CARPremiumCalculation.rb(46286) Warning: Rule has been renamed 'rule160' because of a name conflict with other auto-generated rule names.
CARPremiumCalculation.rb(46298) Warning: Rule has been renamed 'rule161' because of a name conflict with other auto-generated rule names.
CARPremiumCalculation.rb(46310) Warning: Rule has been renamed 'rule162' because of a name conflict with other auto-generated rule names.
CARPremiumCalculation.rb(46322) Warning: Rule has been renamed 'rule163' because of a name conflict with other auto-generated rule names.
CARPremiumCalculation.rb(46334) Warning: Rule has been renamed 'rule164' because of a name conflict with other auto-generated rule names.
CARPremiumCalculation.rb(46346) Warning: Rule has been renamed 'rule165' because of a name conflict with other auto-generated rule names.
CARPremiumCalculation.rb(46358) Warning: Rule has been renamed 'rule166' because of a name conflict with other auto-generated rule names.
CARPremiumCalculation.rb(46370) Warning: Rule has been renamed 'rule167' because of a name conflict with other auto-generated rule names.
CARPremiumCalculation.rb(46382) Warning: Rule has been renamed 'rule168' because of a name conflict with other auto-generated rule names.
CARPremiumCalculation.rb(46394) Warning: Rule has been renamed 'rule169' because of a name conflict with other auto-generated rule names.
CARPremiumCalculation.rb(46406) Warning: Rule has been renamed 'rule170' because of a name conflict with other auto-generated rule names.
CARPremiumCalculation.rb(46418) Warning: Rule has been renamed 'rule171' because of a name conflict with other auto-generated rule names.
CARPremiumCalculation.rb(46430) Warning: Rule has been renamed 'rule172' because of a name conflict with other auto-generated rule names.
CARPremiumCalculation.rb(46442) Warning: Rule has been renamed 'rule173' because of a name conflict with other auto-generated rule names.
CARPremiumCalculation.rb(46454) Warning: Rule has been renamed 'rule174' because of a name conflict with other auto-generated rule names.
CARPremiumCalculation.rb(46466) Warning: Rule has been renamed 'rule175' because of a name conflict with other auto-generated rule names.
CARPremiumCalculation.rb(46478) Warning: Rule has been renamed 'rule176' because of a name conflict with other auto-generated rule names.
CARPremiumCalculation.rb(46490) Warning: Rule has been renamed 'rule177' because of a name conflict with other auto-generated rule names.
CARPremiumCalculation.rb(46502) Warning: Rule has been renamed 'rule178' because of a name conflict with other auto-generated rule names.
CARPremiumCalculation.rb(46514) Warning: Rule has been renamed 'rule179' because of a name conflict with other auto-generated rule names.
CARPremiumCalculation.rb(46526) Warning: Rule has been renamed 'rule180' because of a name conflict with other auto-generated rule names.
CARPremiumCalculation.rb(46538) Warning: Rule has been renamed 'rule181' because of a name conflict with other auto-generated rule names.
CARPremiumCalculation.rb(46550) Warning: Rule has been renamed 'rule182' because of a name conflict with other auto-generated rule names.
CARPremiumCalculation.rb(46562) Warning: Rule has been renamed 'rule183' because of a name conflict with other auto-generated rule names.
CARPremiumCalculation.rb(46574) Warning: Rule has been renamed 'rule184' because of a name conflict with other auto-generated rule names.
CARPremiumCalculation.rb(46586) Warning: Rule has been renamed 'rule185' because of a name conflict with other auto-generated rule names.
CARPremiumCalculation.rb(46598) Warning: Rule has been renamed 'rule186' because of a name conflict with other auto-generated rule names.
CARPremiumCalculation.rb(46610) Warning: Rule has been renamed 'rule187' because of a name conflict with other auto-generated rule names.
CARPremiumCalculation.rb(46622) Warning: Rule has been renamed 'rule188' because of a name conflict with other auto-generated rule names.
CARPremiumCalculation.rb(46634) Warning: Rule has been renamed 'rule189' because of a name conflict with other auto-generated rule names.
CARPremiumCalculation.rb(46646) Warning: Rule has been renamed 'rule190' because of a name conflict with other auto-generated rule names.
CARPremiumCalculation.rb(46658) Warning: Rule has been renamed 'rule191' because of a name conflict with other auto-generated rule names.
CARPremiumCalculation.rb(46670) Warning: Rule has been renamed 'rule192' because of a name conflict with other auto-generated rule names.
CARPremiumCalculation.rb(46682) Warning: Rule has been renamed 'rule193' because of a name conflict with other auto-generated rule names.
CARPremiumCalculation.rb(46694) Warning: Rule has been renamed 'rule194' because of a name conflict with other auto-generated rule names.
CARPremiumCalculation.rb(46706) Warning: Rule has been renamed 'rule195' because of a name conflict with other auto-generated rule names.
CARPremiumCalculation.rb(46718) Warning: Rule has been renamed 'rule196' because of a name conflict with other auto-generated rule names.
CARPremiumCalculation.rb(46730) Warning: Rule has been renamed 'rule197' because of a name conflict with other auto-generated rule names.
CARPremiumCalculation.rb(46742) Warning: Rule has been renamed 'rule198' because of a name conflict with other auto-generated rule names.
CARPremiumCalculation.rb(46754) Warning: Rule has been renamed 'rule199' because of a name conflict with other auto-generated rule names.
CARPremiumCalculation.rb(46766) Warning: Rule has been renamed 'rule200' because of a name conflict with other auto-generated rule names.
CARPremiumCalculation.rb(46778) Warning: Rule has been renamed 'rule201' because of a name conflict with other auto-generated rule names.
CARPremiumCalculation.rb(46790) Warning: Rule has been renamed 'rule202' because of a name conflict with other auto-generated rule names.
CARPremiumCalculation.rb(46802) Warning: Rule has been renamed 'rule203' because of a name conflict with other auto-generated rule names.
CARPremiumCalculation.rb(46814) Warning: Rule has been renamed 'rule204' because of a name conflict with other auto-generated rule names.
CARPremiumCalculation.rb(46826) Warning: Rule has been renamed 'rule205' because of a name conflict with other auto-generated rule names.
CARPremiumCalculation.rb(46838) Warning: Rule has been renamed 'rule206' because of a name conflict with other auto-generated rule names.
CARPremiumCalculation.rb(46850) Warning: Rule has been renamed 'rule207' because of a name conflict with other auto-generated rule names.
CARPremiumCalculation.rb(46862) Warning: Rule has been renamed 'rule208' because of a name conflict with other auto-generated rule names.
CARPremiumCalculation.rb(46874) Warning: Rule has been renamed 'rule209' because of a name conflict with other auto-generated rule names.
CARPremiumCalculation.rb(46886) Warning: Rule has been renamed 'rule210' because of a name conflict with other auto-generated rule names.
CARPremiumCalculation.rb(46898) Warning: Rule has been renamed 'rule211' because of a name conflict with other auto-generated rule names.
CARPremiumCalculation.rb(46910) Warning: Rule has been renamed 'rule212' because of a name conflict with other auto-generated rule names.
CARPremiumCalculation.rb(46922) Warning: Rule has been renamed 'rule213' because of a name conflict with other auto-generated rule names.
CARPremiumCalculation.rb(46934) Warning: Rule has been renamed 'rule214' because of a name conflict with other auto-generated rule names.
CARPremiumCalculation.rb(46946) Warning: Rule has been renamed 'rule215' because of a name conflict with other auto-generated rule names.
CARPremiumCalculation.rb(46958) Warning: Rule has been renamed 'rule216' because of a name conflict with other auto-generated rule names.
CARPremiumCalculation.rb(46970) Warning: Rule has been renamed 'rule217' because of a name conflict with other auto-generated rule names.
CARPremiumCalculation.rb(46982) Warning: Rule has been renamed 'rule218' because of a name conflict with other auto-generated rule names.
CARPremiumCalculation.rb(46994) Warning: Rule has been renamed 'rule219' because of a name conflict with other auto-generated rule names.
CARPremiumCalculation.rb(47006) Warning: Rule has been renamed 'rule220' because of a name conflict with other auto-generated rule names.
CARPremiumCalculation.rb(47018) Warning: Rule has been renamed 'rule221' because of a name conflict with other auto-generated rule names.
CARPremiumCalculation.rb(47030) Warning: Rule has been renamed 'rule222' because of a name conflict with other auto-generated rule names.
CARPremiumCalculation.rb(47042) Warning: Rule has been renamed 'rule223' because of a name conflict with other auto-generated rule names.
CARPremiumCalculation.rb(47054) Warning: Rule has been renamed 'rule224' because of a name conflict with other auto-generated rule names.
CARPremiumCalculation.rb(47066) Warning: Rule has been renamed 'rule225' because of a name conflict with other auto-generated rule names.
CARPremiumCalculation.rb(47078) Warning: Rule has been renamed 'rule226' because of a name conflict with other auto-generated rule names.
CARPremiumCalculation.rb(47090) Warning: Rule has been renamed 'rule227' because of a name conflict with other auto-generated rule names.
CARPremiumCalculation.rb(47102) Warning: Rule has been renamed 'rule228' because of a name conflict with other auto-generated rule names.
CARPremiumCalculation.rb(47114) Warning: Rule has been renamed 'rule229' because of a name conflict with other auto-generated rule names.
CARPremiumCalculation.rb(47126) Warning: Rule has been renamed 'rule230' because of a name conflict with other auto-generated rule names.
CARPremiumCalculation.rb(47138) Warning: Rule has been renamed 'rule231' because of a name conflict with other auto-generated rule names.
CARPremiumCalculation.rb(47150) Warning: Rule has been renamed 'rule232' because of a name conflict with other auto-generated rule names.
CARPremiumCalculation.rb(47162) Warning: Rule has been renamed 'rule233' because of a name conflict with other auto-generated rule names.
CARPremiumCalculation.rb(47174) Warning: Rule has been renamed 'rule234' because of a name conflict with other auto-generated rule names.
CARPremiumCalculation.rb(47186) Warning: Rule has been renamed 'rule235' because of a name conflict with other auto-generated rule names.
CARPremiumCalculation.rb(47198) Warning: Rule has been renamed 'rule236' because of a name conflict with other auto-generated rule names.
CARPremiumCalculation.rb(47210) Warning: Rule has been renamed 'rule237' because of a name conflict with other auto-generated rule names.
CARPremiumCalculation.rb(47222) Warning: Rule has been renamed 'rule238' because of a name conflict with other auto-generated rule names.
CARPremiumCalculation.rb(47234) Warning: Rule has been renamed 'rule239' because of a name conflict with other auto-generated rule names.
CARPremiumCalculation.rb(47246) Warning: Rule has been renamed 'rule240' because of a name conflict with other auto-generated rule names.
CARPremiumCalculation.rb(47258) Warning: Rule has been renamed 'rule241' because of a name conflict with other auto-generated rule names.
CARPremiumCalculation.rb(47270) Warning: Rule has been renamed 'rule242' because of a name conflict with other auto-generated rule names.
CARPremiumCalculation.rb(47282) Warning: Rule has been renamed 'rule243' because of a name conflict with other auto-generated rule names.
CARPremiumCalculation.rb(47294) Warning: Rule has been renamed 'rule244' because of a name conflict with other auto-generated rule names.
CARPremiumCalculation.rb(47306) Warning: Rule has been renamed 'rule245' because of a name conflict with other auto-generated rule names.
CARPremiumCalculation.rb(47318) Warning: Rule has been renamed 'rule246' because of a name conflict with other auto-generated rule names.
CARPremiumCalculation.rb(47330) Warning: Rule has been renamed 'rule247' because of a name conflict with other auto-generated rule names.
CARPremiumCalculation.rb(47342) Warning: Rule has been renamed 'rule248' because of a name conflict with other auto-generated rule names.
CARPremiumCalculation.rb(47354) Warning: Rule has been renamed 'rule249' because of a name conflict with other auto-generated rule names.
CARPremiumCalculation.rb(47366) Warning: Rule has been renamed 'rule250' because of a name conflict with other auto-generated rule names.
CARPremiumCalculation.rb(47378) Warning: Rule has been renamed 'rule251' because of a name conflict with other auto-generated rule names.
CARPremiumCalculation.rb(47390) Warning: Rule has been renamed 'rule252' because of a name conflict with other auto-generated rule names.
CARPremiumCalculation.rb(47402) Warning: Rule has been renamed 'rule253' because of a name conflict with other auto-generated rule names.
CARPremiumCalculation.rb(47414) Warning: Rule has been renamed 'rule254' because of a name conflict with other auto-generated rule names.
CARPremiumCalculation.rb(47426) Warning: Rule has been renamed 'rule255' because of a name conflict with other auto-generated rule names.
CARPremiumCalculation.rb(47438) Warning: Rule has been renamed 'rule256' because of a name conflict with other auto-generated rule names.
CARPremiumCalculation.rb(47450) Warning: Rule has been renamed 'rule257' because of a name conflict with other auto-generated rule names.
CARPremiumCalculation.rb(47462) Warning: Rule has been renamed 'rule258' because of a name conflict with other auto-generated rule names.
CARPremiumCalculation.rb(47474) Warning: Rule has been renamed 'rule259' because of a name conflict with other auto-generated rule names.
CARPremiumCalculation.rb(47486) Warning: Rule has been renamed 'rule260' because of a name conflict with other auto-generated rule names.
CARPremiumCalculation.rb(47498) Warning: Rule has been renamed 'rule261' because of a name conflict with other auto-generated rule names.
CARPremiumCalculation.rb(47510) Warning: Rule has been renamed 'rule262' because of a name conflict with other auto-generated rule names.
CARPremiumCalculation.rb(47522) Warning: Rule has been renamed 'rule263' because of a name conflict with other auto-generated rule names.
CARPremiumCalculation.rb(47534) Warning: Rule has been renamed 'rule264' because of a name conflict with other auto-generated rule names.
CARPremiumCalculation.rb(47546) Warning: Rule has been renamed 'rule265' because of a name conflict with other auto-generated rule names.
CARPremiumCalculation.rb(47558) Warning: Rule has been renamed 'rule266' because of a name conflict with other auto-generated rule names.
CARPremiumCalculation.rb(47570) Warning: Rule has been renamed 'rule267' because of a name conflict with other auto-generated rule names.
CARPremiumCalculation.rb(47582) Warning: Rule has been renamed 'rule268' because of a name conflict with other auto-generated rule names.
CARPremiumCalculation.rb(47594) Warning: Rule has been renamed 'rule269' because of a name conflict with other auto-generated rule names.
CARPremiumCalculation.rb(47606) Warning: Rule has been renamed 'rule270' because of a name conflict with other auto-generated rule names.
CARPremiumCalculation.rb(47618) Warning: Rule has been renamed 'rule271' because of a name conflict with other auto-generated rule names.
CARPremiumCalculation.rb(47630) Warning: Rule has been renamed 'rule272' because of a name conflict with other auto-generated rule names.
CARPremiumCalculation.rb(47642) Warning: Rule has been renamed 'rule273' because of a name conflict with other auto-generated rule names.
CARPremiumCalculation.rb(47654) Warning: Rule has been renamed 'rule274' because of a name conflict with other auto-generated rule names.
CARPremiumCalculation.rb(47666) Warning: Rule has been renamed 'rule275' because of a name conflict with other auto-generated rule names.
CARPremiumCalculation.rb(47678) Warning: Rule has been renamed 'rule276' because of a name conflict with other auto-generated rule names.
CARPremiumCalculation.rb(47690) Warning: Rule has been renamed 'rule277' because of a name conflict with other auto-generated rule names.
CARPremiumCalculation.rb(47702) Warning: Rule has been renamed 'rule278' because of a name conflict with other auto-generated rule names.
CARPremiumCalculation.rb(47714) Warning: Rule has been renamed 'rule279' because of a name conflict with other auto-generated rule names.
CARPremiumCalculation.rb(47726) Warning: Rule has been renamed 'rule280' because of a name conflict with other auto-generated rule names.
CARPremiumCalculation.rb(47738) Warning: Rule has been renamed 'rule281' because of a name conflict with other auto-generated rule names.
CARPremiumCalculation.rb(47750) Warning: Rule has been renamed 'rule282' because of a name conflict with other auto-generated rule names.
CARPremiumCalculation.rb(47762) Warning: Rule has been renamed 'rule283' because of a name conflict with other auto-generated rule names.
CARPremiumCalculation.rb(47774) Warning: Rule has been renamed 'rule284' because of a name conflict with other auto-generated rule names.
CARPremiumCalculation.rb(47786) Warning: Rule has been renamed 'rule285' because of a name conflict with other auto-generated rule names.
CARPremiumCalculation.rb(47798) Warning: Rule has been renamed 'rule286' because of a name conflict with other auto-generated rule names.
CARPremiumCalculation.rb(47810) Warning: Rule has been renamed 'rule287' because of a name conflict with other auto-generated rule names.
CARPremiumCalculation.rb(47822) Warning: Rule has been renamed 'rule288' because of a name conflict with other auto-generated rule names.
CARPremiumCalculation.rb(47834) Warning: Rule has been renamed 'rule289' because of a name conflict with other auto-generated rule names.
CARPremiumCalculation.rb(47846) Warning: Rule has been renamed 'rule290' because of a name conflict with other auto-generated rule names.
CARPremiumCalculation.rb(47858) Warning: Rule has been renamed 'rule291' because of a name conflict with other auto-generated rule names.
CARPremiumCalculation.rb(47870) Warning: Rule has been renamed 'rule292' because of a name conflict with other auto-generated rule names.
CARPremiumCalculation.rb(47882) Warning: Rule has been renamed 'rule293' because of a name conflict with other auto-generated rule names.
CARPremiumCalculation.rb(47894) Warning: Rule has been renamed 'rule294' because of a name conflict with other auto-generated rule names.
CARPremiumCalculation.rb(47906) Warning: Rule has been renamed 'rule295' because of a name conflict with other auto-generated rule names.
CARPremiumCalculation.rb(47918) Warning: Rule has been renamed 'rule296' because of a name conflict with other auto-generated rule names.
CARPremiumCalculation.rb(47930) Warning: Rule has been renamed 'rule297' because of a name conflict with other auto-generated rule names.
CARPremiumCalculation.rb(47942) Warning: Rule has been renamed 'rule298' because of a name conflict with other auto-generated rule names.
CARPremiumCalculation.rb(47954) Warning: Rule has been renamed 'rule299' because of a name conflict with other auto-generated rule names.
CARPremiumCalculation.rb(47966) Warning: Rule has been renamed 'rule300' because of a name conflict with other auto-generated rule names.
CARPremiumCalculation.rb(47978) Warning: Rule has been renamed 'rule301' because of a name conflict with other auto-generated rule names.
CARPremiumCalculation.rb(47990) Warning: Rule has been renamed 'rule302' because of a name conflict with other auto-generated rule names.
CARPremiumCalculation.rb(48002) Warning: Rule has been renamed 'rule303' because of a name conflict with other auto-generated rule names.
CARPremiumCalculation.rb(48014) Warning: Rule has been renamed 'rule304' because of a name conflict with other auto-generated rule names.
CARPremiumCalculation.rb(48026) Warning: Rule has been renamed 'rule305' because of a name conflict with other auto-generated rule names.
CARPremiumCalculation.rb(48038) Warning: Rule has been renamed 'rule306' because of a name conflict with other auto-generated rule names.
CARPremiumCalculation.rb(48050) Warning: Rule has been renamed 'rule307' because of a name conflict with other auto-generated rule names.
CARPremiumCalculation.rb(48062) Warning: Rule has been renamed 'rule308' because of a name conflict with other auto-generated rule names.
CARPremiumCalculation.rb(48074) Warning: Rule has been renamed 'rule309' because of a name conflict with other auto-generated rule names.
CARPremiumCalculation.rb(48086) Warning: Rule has been renamed 'rule310' because of a name conflict with other auto-generated rule names.
CARPremiumCalculation.rb(48098) Warning: Rule has been renamed 'rule311' because of a name conflict with other auto-generated rule names.
CARPremiumCalculation.rb(48110) Warning: Rule has been renamed 'rule312' because of a name conflict with other auto-generated rule names.
CARPremiumCalculation.rb(58653) Warning: Superfluous cast.
CARPremiumCalculation.rb(59214) Warning: Superfluous cast.
Ended generating ADB for CARBusinessRMA.server on Wed 09/20/2017_16:48:46.81 
