Started generating ADB for  on Wed 09/20/2017_16:49:41.55 
time : 720
Sep 20, 2017 4:50:02 PM net.sf.ehcache.config.ConfigurationFactory parseConfiguration
WARNING: No configuration found. Configuring ehcache from ehcache-failsafe.xml  found in the classpath: jar:file:/C:/deployments72/dependencies/ehcache-2.3.3/ehcache-1.6.2.jar!/ehcache-failsafe.xml
Calling database>>>EAR|earCoverGreaterDescription.earCoverGreaterID
Calling database>>>EAR|earCoverLesserDescription.earCoverLesserID
Calling database>>>EAR|earOccupancyDescription.earOccupancyID
Calling database>>>EAR|earOccupancyDescription.earRiskCode
EARPremiumCalculation.rb(40225) Warning: Rule has been renamed 'Expediting_Cost_above_30__of_net_claim_amount' because of a name conflict with other auto-generated rule names.
EARPremiumCalculation.rb(40291) Warning: Rule has been renamed 'Debris_Removal_Limit_Upto_Rs_50_lacs' because of a name conflict with other auto-generated rule names.
EARPremiumCalculation.rb(40318) Warning: Rule has been renamed 'Debris_Removal_Limit_Above_Rs_10_Crores_and_upto_Rs_25_Crs_' because of a name conflict with other auto-generated rule names.
EARPremiumCalculation.rb(40345) Warning: Rule has been renamed 'Debris_Removal_Limit_above_Rs_25_Crores' because of a name conflict with other auto-generated rule names.
EARPremiumCalculation.rb(40372) Warning: Rule has been renamed 'Debris_Removal_Limit_Above_50_lacs_and_upto_Rs_10_Crs_' because of a name conflict with other auto-generated rule names.
EARPremiumCalculation.rb(40399) Warning: Rule has been renamed 'Offsite_Storage_Fabrication' because of a name conflict with other auto-generated rule names.
EARPremiumCalculation.rb(40439) Warning: Rule has been renamed 'Expediting_Cost_upto_30__of_net_claim_amount' because of a name conflict with other auto-generated rule names.
EARPremiumCalculation.rb(40467) Warning: Rule has been renamed 'Owners_surrounding_property_Above_10__of_Policy_SI_but_with_FLEXA_Risks' because of a name conflict with other auto-generated rule names.
EARPremiumCalculation.rb(40521) Warning: Rule has been renamed 'Owners_surrounding_property_Above_10__of_Policy_SI_but_without_FLEXA_Risks' because of a name conflict with other auto-generated rule names.
EARPremiumCalculation.rb(40547) Warning: Rule has been renamed 'Owners_Surrounding_Property_Above_10__of_Policy_SI_but_without_FLEXA_Risks_During_maintenance_period' because of a name conflict with other auto-generated rule names.
EARPremiumCalculation.rb(40561) Warning: Rule has been renamed 'Owners_Surrounding_Property_Above_10__of_Policy_SI_but_without_FLEXA_Risks_During_maintenance_period' because of a name conflict with other auto-generated rule names.
EARPremiumCalculation.rb(40588) Warning: Rule has been renamed 'Owners_Surrounding_Property_Upto_10__of_policy_SI_with_FLEXA_risks' because of a name conflict with other auto-generated rule names.
EARPremiumCalculation.rb(40615) Warning: Rule has been renamed 'Owners_Surrounding_Property_upto_10__of_policy_SI_with_FLEXA_risks_During_maintenance_period' because of a name conflict with other auto-generated rule names.
EARPremiumCalculation.rb(40642) Warning: Rule has been renamed 'Owners_Surrounding_Property_Upto_10__of_policy_SI_without_FLEXA_risks' because of a name conflict with other auto-generated rule names.
EARPremiumCalculation.rb(40669) Warning: Rule has been renamed 'Owners_Surrounding_Property_Upto_10__of_policy_SI_without_FLEXA_risks_During_maintenance_period' because of a name conflict with other auto-generated rule names.
EARPremiumCalculation.rb(40696) Warning: Rule has been renamed 'Storage_at_Fabricator_s__Premises_Workshop' because of a name conflict with other auto-generated rule names.
EARPremiumCalculation.rb(40796) Warning: Rule has been renamed 'T_P_L__Cover_With_Cross_Liability_extension_within_geographical_limits_of_India_for_AOA_limit_above_Rs_10_cr__but_upto_Rs_25_Cr__During_maintenance_Period' because of a name conflict with other auto-generated rule names.
EARPremiumCalculation.rb(40823) Warning: Rule has been renamed 'T_P_L__Cover_With_Cross_Liability_extension_within_geographical_limits_of_India_for_AOA_limits_upto_Rs_10_cr_' because of a name conflict with other auto-generated rule names.
EARPremiumCalculation.rb(40864) Warning: Rule has been renamed 'T_P_L__Cover_With_Cross_Liability_extension_within_geographical_limits_of_India_for_AOA_limits_upto_Rs_10_cr__During_maintenance_period' because of a name conflict with other auto-generated rule names.
EARPremiumCalculation.rb(40877) Warning: Rule has been renamed 'T_P_L__Cover_without_Cross_Liability_extension_within_geographical_limits_of_India_for_AOA_limit_above_Rs_10_cr__but_upto_Rs_25_Cr_' because of a name conflict with other auto-generated rule names.
EARPremiumCalculation.rb(40904) Warning: Rule has been renamed 'T_P_L__Cover_without_Cross_Liability_extension_within_geographical_limits_of_India_for_AOA_limit_above_Rs_10_cr__but_upto_Rs_25_Cr__During_maintenance_period' because of a name conflict with other auto-generated rule names.
EARPremiumCalculation.rb(40958) Warning: Rule has been renamed 'T_P_L__Cover_without_Cross_Liability_extension_within_geographical_limits_of_India_for_AOA_limits_upto_Rs_10_cr_' because of a name conflict with other auto-generated rule names.
EARPremiumCalculation.rb(40971) Warning: Rule has been renamed '_0_50_Clause' because of a name conflict with other auto-generated rule names.
EARPremiumCalculation.rb(41007) Warning: Rule has been renamed 'Third_Party_Liability_Cover' because of a name conflict with other auto-generated rule names.
EARPremiumCalculation.rb(41035) Warning: Rule has been renamed 'Removal_of_Debris' because of a name conflict with other auto-generated rule names.
EARPremiumCalculation.rb(41139) Warning: Rule has been renamed 'Third_Party_Liability_Cover_With_Cross_Liability' because of a name conflict with other auto-generated rule names.
EARPremiumCalculation.rb(41166) Warning: Rule has been renamed 'Third_Party_Liability_Cover_Maximum_upto_10__of_Policy_SI' because of a name conflict with other auto-generated rule names.
EARPremiumCalculation.rb(41193) Warning: Rule has been renamed 'Surrounding_Property_of_Insured' because of a name conflict with other auto-generated rule names.
EARPremiumCalculation.rb(41220) Warning: Rule has been renamed 'Storage_at_Fabricator_s__Premises_Workshop' because of a name conflict with other auto-generated rule names.
EARPremiumCalculation.rb(41247) Warning: Rule has been renamed 'Removal_Of_Debris_Upto_Rs_50_Lacs' because of a name conflict with other auto-generated rule names.
EARPremiumCalculation.rb(41274) Warning: Rule has been renamed 'Removal_Of_Debris_Above_Rs_50_lacs_and_upto_Rs_10_Crores' because of a name conflict with other auto-generated rule names.
EARPremiumCalculation.rb(41328) Warning: Rule has been renamed 'Owner_Surrounding_Property' because of a name conflict with other auto-generated rule names.
EARPremiumCalculation.rb(41355) Warning: Rule has been renamed 'Express_Freight_Excluding_Air_Freight' because of a name conflict with other auto-generated rule names.
EARPremiumCalculation.rb(64902) Warning: Superfluous cast.
EARPremiumCalculation.rb(65257) Warning: Superfluous cast.
Ended generating ADB for EARBusinessRMA.server on Wed 09/20/2017_16:50:52.97 
